FAILED tests/unit/test_claude_agent.py::TestClaudeAgentProvider::test_analyze_codebase
FAILED tests/unit/test_claude_agent.py::TestClaudeAgentProvider::test_generate_documentation
FAILED tests/unit/test_claude_agent.py::TestClaudeAgentProvider::test_implement_changes_failure
FAILED tests/unit/test_claude_agent.py::TestClaudeAgentProvider::test_implement_changes_success
FAILED tests/unit/test_claude_agent.py::TestClaudeAgentProvider::test_parse_implementation_response
FAILED tests/unit/test_claude_agent.py::TestClaudeAgentProvider::test_parse_review_response
FAILED tests/unit/test_claude_agent.py::TestClaudeAgentProvider::test_parse_validation_response
FAILED tests/unit/test_claude_agent.py::TestClaudeAgentProvider::test_review_code_approve
FAILED tests/unit/test_claude_agent.py::TestClaudeAgentProvider::test_review_code_request_changes
FAILED tests/unit/test_claude_agent.py::TestClaudeAgentProvider::test_run_claude_command_failure
FAILED tests/unit/test_claude_agent.py::TestClaudeAgentProvider::test_run_claude_command_stream_error
FAILED tests/unit/test_claude_agent.py::TestClaudeAgentProvider::test_run_claude_command_stream_success
FAILED tests/unit/test_claude_agent.py::TestClaudeAgentProvider::test_run_claude_command_stream_timeout
FAILED tests/unit/test_claude_agent.py::TestClaudeAgentProvider::test_run_claude_command_success
FAILED tests/unit/test_claude_agent.py::TestClaudeAgentProvider::test_validate_issue_stream_error_handling
FAILED tests/unit/test_claude_agent.py::TestClaudeAgentProvider::test_validate_issue_stream_fallback_for_api_mode
FAILED tests/unit/test_claude_agent.py::TestClaudeAgentProvider::test_validate_issue_stream_line_count_progress
FAILED tests/unit/test_claude_agent.py::TestClaudeAgentProvider::test_validate_issue_stream_success
FAILED tests/unit/test_claude_agent.py::TestClaudeAgentProvider::test_validate_issue_stream_with_content_analysis
FAILED tests/unit/test_github_adapter.py::TestGitHubPlatformAdapter::test_add_issue_comment_success
FAILED tests/unit/test_github_adapter.py::TestGitHubPlatformAdapter::test_command_failure_handling
FAILED tests/unit/test_github_adapter.py::TestGitHubPlatformAdapter::test_create_issue_success
FAILED tests/unit/test_github_adapter.py::TestGitHubPlatformAdapter::test_create_pull_request_success
FAILED tests/unit/test_github_adapter.py::TestGitHubPlatformAdapter::test_get_issue_success
FAILED tests/unit/test_github_adapter.py::TestGitHubPlatformAdapter::test_get_pull_request_files_success
FAILED tests/unit/test_github_adapter.py::TestGitHubPlatformAdapter::test_get_pull_request_success
FAILED tests/unit/test_github_adapter.py::TestGitHubPlatformAdapter::test_get_repository_success
FAILED tests/unit/test_github_adapter.py::TestGitHubPlatformAdapter::test_invalid_json_response
FAILED tests/unit/test_github_adapter.py::TestGitHubPlatformAdapter::test_list_issues_success
FAILED tests/unit/test_github_adapter.py::TestGitHubPlatformAdapter::test_merge_pull_request_success
FAILED tests/unit/test_github_adapter.py::TestGitHubPlatformAdapter::test_validate_connection_failure
FAILED tests/unit/test_github_adapter.py::TestGitHubPlatformAdapter::test_validate_connection_success
FAILED tests/unit/test_github_adapter_simple.py::TestGitHubPlatformAdapter::test_validate_connection_failure
FAILED tests/unit/test_github_adapter_simple.py::TestGitHubPlatformAdapter::test_validate_connection_success
FAILED tests/unit/test_state_manager.py::TestStateManager::test_cleanup_old_sessions
FAILED tests/unit/test_state_manager.py::TestStateManager::test_cleanup_session_exists
FAILED tests/unit/test_state_manager.py::TestStateManager::test_cleanup_session_not_exists
FAILED tests/unit/test_state_manager.py::TestStateManager::test_concurrent_access_handling
FAILED tests/unit/test_state_manager.py::TestStateManager::test_ensure_state_directory
FAILED tests/unit/test_state_manager.py::TestStateManager::test_export_session_data
FAILED tests/unit/test_state_manager.py::TestStateManager::test_file_permission_error
FAILED tests/unit/test_state_manager.py::TestStateManager::test_get_statistics_empty
FAILED tests/unit/test_state_manager.py::TestStateManager::test_get_statistics_no_file
FAILED tests/unit/test_state_manager.py::TestStateManager::test_get_statistics_with_data
FAILED tests/unit/test_state_manager.py::TestStateManager::test_list_active_sessions
FAILED tests/unit/test_state_manager.py::TestStateManager::test_load_session_exists
FAILED tests/unit/test_state_manager.py::TestStateManager::test_load_session_invalid_json
FAILED tests/unit/test_state_manager.py::TestStateManager::test_load_session_not_exists
FAILED tests/unit/test_state_manager.py::TestStateManager::test_migrate_old_session_format
FAILED tests/unit/test_state_manager.py::TestStateManager::test_record_workflow_completion
FAILED tests/unit/test_state_manager.py::TestStateManager::test_record_workflow_start
FAILED tests/unit/test_state_manager.py::TestStateManager::test_save_session
FAILED tests/unit/test_state_manager.py::TestStateManager::test_session_to_dict
FAILED tests/unit/test_state_manager.py::TestStateManager::test_state_manager_initialization
FAILED tests/unit/test_state_manager.py::TestStateManager::test_update_analytics
FAILED tests/unit/test_workflow_engine.py::TestGlobalStatistics::test_statistics_creation
FAILED tests/unit/test_workflow_engine.py::TestGlobalStatistics::test_success_rate_calculation
FAILED tests/unit/test_workflow_engine.py::TestWorkflowEngine::test_cleanup_workflow_nonexistent
FAILED tests/unit/test_workflow_engine.py::TestWorkflowEngine::test_get_or_create_session_existing
FAILED tests/unit/test_workflow_engine.py::TestWorkflowEngine::test_get_or_create_session_new
FAILED tests/unit/test_workflow_engine.py::TestWorkflowEngine::test_get_statistics
FAILED tests/unit/test_workflow_engine.py::TestWorkflowEngine::test_get_workflow_status_existing
FAILED tests/unit/test_workflow_engine.py::TestWorkflowEngine::test_get_workflow_status_nonexistent
FAILED tests/unit/test_workflow_engine.py::TestWorkflowEngine::test_max_iterations_exceeded
FAILED tests/unit/test_workflow_engine.py::TestWorkflowEngine::test_process_issue_dry_run
FAILED tests/unit/test_workflow_engine.py::TestWorkflowEngine::test_process_issue_implementation_success
FAILED tests/unit/test_workflow_engine.py::TestWorkflowEngine::test_process_issue_validation_failure
FAILED tests/unit/test_workflow_engine.py::TestWorkflowEngine::test_validate_environment_agent_failure
FAILED tests/unit/test_workflow_engine.py::TestWorkflowEngine::test_validation_stage_streaming_progress
FAILED tests/unit/test_workflow_engine.py::TestWorkflowEngine::test_workflow_error_handling
